********************************************************************************
PACKAGE-LOG: 2014-08-10 14:54:10
NOTICE: Do NOT post to public sites or forums 
********************************************************************************
VERSION:	0.5.6
WORDPRESS:	3.9.2
PHP INFO:	5.5.3 | SAPI: apache2handler
SERVER:		Apache/2.2.25 (Unix) mod_ssl/2.2.25 OpenSSL/0.9.8y DAV/2 PHP/5.5.3 
PHP TIME LIMIT: (0) no time limit imposed 
PHP MAX MEMORY: 5000M (40M default) 

********************************************************************************
DATABASE:
********************************************************************************
BUILD MODE:   PHP
MYSQLDUMP:    Is Supported
MYSQLTIMEOUT: 5000 
TABLES: total:17 | filtered:0 | create:17 
FILTERED: [] 
wp_commentmeta (0) 
wp_comments (0) 
wp_duplicator_packages (1) 
wp_links (0) 
wp_options (255) 
wp_postmeta (461) 
wp_posts (262) 
wp_revslider_css (15) 
wp_revslider_layer_animations (0) 
wp_revslider_settings (0) 
wp_revslider_sliders (1) 
wp_revslider_slides (4) 
wp_term_relationships (42) 
wp_term_taxonomy (29) 
wp_terms (29) 
wp_usermeta (20) 
wp_users (1) 
SQL CREATED: 20140810_impcomputer_53e786ff5f54a5479140810145143_database.sql 
SQL FILE SIZE: 918.77KB 
SQL RUNTIME: 0.25 sec. 

******************************************************************************** 
ARCHIVE (ZIP): 
******************************************************************************** 
ARCHIVE DIR:  /Applications/MAMP/htdocs 
ARCHIVE FILE: 20140810_impcomputer_53e786ff5f54a5479140810145143_archive.zip 
FILTERS: *ON* 
DIRS:  /Applications/MAMP/htdocs/.git;/Applications/MAMP/htdocs/wp-content/themes/preen;/Applications/MAMP/htdocs/wp-content/themes/quickstep;/Applications/MAMP/htdocs/wp-content/themes/bones;/Applications/MAMP/htdocs/wp-content/uploads/2013/06;/Applications/MAMP/htdocs/wp-content/uploads/2013/07;/Applications/MAMP/htdocs/wp-content/uploads/2013/08;/Applications/MAMP/htdocs/wp-content/uploads/2013/09;/Applications/MAMP/htdocs/wp-content/uploads/2013/10;/Applications/MAMP/htdocs/wp-content/uploads/2013/11;/Applications/MAMP/htdocs/wp-content/uploads/2013/12; 
EXTS:  not set 
---------------------------------------- 
COMPRESSING 
SIZE:	61.02MB 
STATS:	Dirs 334 | Files 2,557 | Links 0 
SQL ADDED: 20140810_impcomputer_53e786ff5f54a5479140810145143_database.sql 
WARNING: Unable to zip directory: '/Applications/MAMP/htdocs' 
ZipArchive Object
(
    [status] => 0
    [statusSys] => 0
    [numFiles] => 2891
    [filename] => /Applications/MAMP/htdocs/wp-snapshots/tmp/20140810_impcomputer_53e786ff5f54a5479140810145143_archive.zip
    [comment] => 
)
 
COMPRESSION RESULT: '1' 
COMPRESSED SIZE: 40.13MB 
ARCHIVE RUNTIME: 4.31 sec. 

******************************************************************************** 
INSTALLER: 
******************************************************************************** 
INSTALLER FILE: Build Start 
INSTALLER FILE: Build Finished 
INSTALLER FILE: Preping for use 
INSTALLER FILE: Template parsed with new data 
INSTALLER FILE: Complete [/Applications/MAMP/htdocs/wp-snapshots/tmp/20140810_impcomputer_53e786ff5f54a5479140810145143_installer.php] 
INSTALLER FILE: Added to archive 

********************************************************************************
RECORD ID:[1]
FILE SIZE: Archive:40.13MB | SQL:918.77KB | Installer:414KB
TOTAL PROCESS RUNTIME: 5.08 sec.
DONE PROCESSING => 20140810_impcomputer 2014-08-10 14:54:15
********************************************************************************
 
